<?xml version="1.0" encoding="utf-8"?><testsuite errors="1" failures="0" name="pytest" skips="0" tests="1" time="8.692"><testcase classname="TestCases.test_login.Test_Login" file="TestCases/test_login.py" line="36" name="test_login_by_wrong_password" time="0.08420109748840332"><error message="test setup failure">self = &lt;urllib.request.HTTPHandler object at 0x102efcb00&gt;
http_class = &lt;class &apos;http.client.HTTPConnection&apos;&gt;
req = &lt;selenium.webdriver.remote.remote_connection.Request object at 0x102acc4a8&gt;
http_conn_args = {}, host = &apos;127.0.0.1:4723&apos;
h = &lt;http.client.HTTPConnection object at 0x102efcf28&gt;

    def do_open(self, http_class, req, **http_conn_args):
        &quot;&quot;&quot;Return an HTTPResponse object for the request, using http_class.
    
            http_class must implement the HTTPConnection API from http.client.
            &quot;&quot;&quot;
        host = req.host
        if not host:
            raise URLError(&apos;no host given&apos;)
    
        # will parse host:port
        h = http_class(host, timeout=req.timeout, **http_conn_args)
        h.set_debuglevel(self._debuglevel)
    
        headers = dict(req.unredirected_hdrs)
        headers.update(dict((k, v) for k, v in req.headers.items()
                            if k not in headers))
    
        # TODO(jhylton): Should this be redesigned to handle
        # persistent connections?
    
        # We want to make an HTTP/1.1 request, but the addinfourl
        # class isn&apos;t prepared to deal with a persistent connection.
        # It will try to read all remaining data from the socket,
        # which will block while the server waits for the next request.
        # So make sure the connection gets closed after the (only)
        # request.
        headers[&quot;Connection&quot;] = &quot;close&quot;
        headers = dict((name.title(), val) for name, val in headers.items())
    
        if req._tunnel_host:
            tunnel_headers = {}
            proxy_auth_hdr = &quot;Proxy-Authorization&quot;
            if proxy_auth_hdr in headers:
                tunnel_headers[proxy_auth_hdr] = headers[proxy_auth_hdr]
                # Proxy-Authorization should not be sent to origin
                # server.
                del headers[proxy_auth_hdr]
            h.set_tunnel(req._tunnel_host, headers=tunnel_headers)
    
        try:
            try:
                h.request(req.get_method(), req.selector, req.data, headers,
&gt;                         encode_chunked=req.has_header(&apos;Transfer-encoding&apos;))

/usr/local/Cellar/python3/3.6.3/Frameworks/Python.framework/Versions/3.6/lib/python3.6/urllib/request.py:1318: 
_ _ _ _ _ _ _ _ _ _ _ _ _ _ _ _ _ _ _ _ _ _ _ _ _ _ _ _ _ _ _ _ _ _ _ _ _ _ _ _ 

self = &lt;http.client.HTTPConnection object at 0x102efcf28&gt;, method = &apos;POST&apos;
url = &apos;/wd/hub/session&apos;
body = b&apos;{&quot;capabilities&quot;: {&quot;firstMatch&quot;: [{}], &quot;alwaysMatch&quot;: {&quot;platformName&quot;: &quot;Android&quot;}}, &quot;desiredCapabilities&quot;: {&quot;platform... &quot;c8a135a3&quot;, &quot;appPackage&quot;: &quot;com.jiemoapp&quot;, &quot;appActivity&quot;: &quot;com.jiemoapp.activity.SplashActivity&quot;, &quot;noReset&quot;: &quot;False&quot;}}&apos;
headers = {&apos;Accept&apos;: &apos;application/json&apos;, &apos;Connection&apos;: &apos;close&apos;, &apos;Content-Length&apos;: &apos;327&apos;, &apos;Content-Type&apos;: &apos;application/json;charset=UTF-8&apos;, ...}

    def request(self, method, url, body=None, headers={}, *,
                encode_chunked=False):
        &quot;&quot;&quot;Send a complete request to the server.&quot;&quot;&quot;
&gt;       self._send_request(method, url, body, headers, encode_chunked)

/usr/local/Cellar/python3/3.6.3/Frameworks/Python.framework/Versions/3.6/lib/python3.6/http/client.py:1239: 
_ _ _ _ _ _ _ _ _ _ _ _ _ _ _ _ _ _ _ _ _ _ _ _ _ _ _ _ _ _ _ _ _ _ _ _ _ _ _ _ 

self = &lt;http.client.HTTPConnection object at 0x102efcf28&gt;, method = &apos;POST&apos;
url = &apos;/wd/hub/session&apos;
body = b&apos;{&quot;capabilities&quot;: {&quot;firstMatch&quot;: [{}], &quot;alwaysMatch&quot;: {&quot;platformName&quot;: &quot;Android&quot;}}, &quot;desiredCapabilities&quot;: {&quot;platform... &quot;c8a135a3&quot;, &quot;appPackage&quot;: &quot;com.jiemoapp&quot;, &quot;appActivity&quot;: &quot;com.jiemoapp.activity.SplashActivity&quot;, &quot;noReset&quot;: &quot;False&quot;}}&apos;
headers = {&apos;Accept&apos;: &apos;application/json&apos;, &apos;Connection&apos;: &apos;close&apos;, &apos;Content-Length&apos;: &apos;327&apos;, &apos;Content-Type&apos;: &apos;application/json;charset=UTF-8&apos;, ...}
encode_chunked = False

    def _send_request(self, method, url, body, headers, encode_chunked):
        # Honor explicitly requested Host: and Accept-Encoding: headers.
        header_names = frozenset(k.lower() for k in headers)
        skips = {}
        if &apos;host&apos; in header_names:
            skips[&apos;skip_host&apos;] = 1
        if &apos;accept-encoding&apos; in header_names:
            skips[&apos;skip_accept_encoding&apos;] = 1
    
        self.putrequest(method, url, **skips)
    
        # chunked encoding will happen if HTTP/1.1 is used and either
        # the caller passes encode_chunked=True or the following
        # conditions hold:
        # 1. content-length has not been explicitly set
        # 2. the body is a file or iterable, but not a str or bytes-like
        # 3. Transfer-Encoding has NOT been explicitly set by the caller
    
        if &apos;content-length&apos; not in header_names:
            # only chunk body if not explicitly set for backwards
            # compatibility, assuming the client code is already handling the
            # chunking
            if &apos;transfer-encoding&apos; not in header_names:
                # if content-length cannot be automatically determined, fall
                # back to chunked encoding
                encode_chunked = False
                content_length = self._get_content_length(body, method)
                if content_length is None:
                    if body is not None:
                        if self.debuglevel &gt; 0:
                            print(&apos;Unable to determine size of %r&apos; % body)
                        encode_chunked = True
                        self.putheader(&apos;Transfer-Encoding&apos;, &apos;chunked&apos;)
                else:
                    self.putheader(&apos;Content-Length&apos;, str(content_length))
        else:
            encode_chunked = False
    
        for hdr, value in headers.items():
            self.putheader(hdr, value)
        if isinstance(body, str):
            # RFC 2616 Section 3.7.1 says that text default has a
            # default charset of iso-8859-1.
            body = _encode(body, &apos;body&apos;)
&gt;       self.endheaders(body, encode_chunked=encode_chunked)

/usr/local/Cellar/python3/3.6.3/Frameworks/Python.framework/Versions/3.6/lib/python3.6/http/client.py:1285: 
_ _ _ _ _ _ _ _ _ _ _ _ _ _ _ _ _ _ _ _ _ _ _ _ _ _ _ _ _ _ _ _ _ _ _ _ _ _ _ _ 

self = &lt;http.client.HTTPConnection object at 0x102efcf28&gt;
message_body = b&apos;{&quot;capabilities&quot;: {&quot;firstMatch&quot;: [{}], &quot;alwaysMatch&quot;: {&quot;platformName&quot;: &quot;Android&quot;}}, &quot;desiredCapabilities&quot;: {&quot;platform... &quot;c8a135a3&quot;, &quot;appPackage&quot;: &quot;com.jiemoapp&quot;, &quot;appActivity&quot;: &quot;com.jiemoapp.activity.SplashActivity&quot;, &quot;noReset&quot;: &quot;False&quot;}}&apos;

    def endheaders(self, message_body=None, *, encode_chunked=False):
        &quot;&quot;&quot;Indicate that the last header line has been sent to the server.
    
            This method sends the request to the server.  The optional message_body
            argument can be used to pass a message body associated with the
            request.
            &quot;&quot;&quot;
        if self.__state == _CS_REQ_STARTED:
            self.__state = _CS_REQ_SENT
        else:
            raise CannotSendHeader()
&gt;       self._send_output(message_body, encode_chunked=encode_chunked)

/usr/local/Cellar/python3/3.6.3/Frameworks/Python.framework/Versions/3.6/lib/python3.6/http/client.py:1234: 
_ _ _ _ _ _ _ _ _ _ _ _ _ _ _ _ _ _ _ _ _ _ _ _ _ _ _ _ _ _ _ _ _ _ _ _ _ _ _ _ 

self = &lt;http.client.HTTPConnection object at 0x102efcf28&gt;
message_body = b&apos;{&quot;capabilities&quot;: {&quot;firstMatch&quot;: [{}], &quot;alwaysMatch&quot;: {&quot;platformName&quot;: &quot;Android&quot;}}, &quot;desiredCapabilities&quot;: {&quot;platform... &quot;c8a135a3&quot;, &quot;appPackage&quot;: &quot;com.jiemoapp&quot;, &quot;appActivity&quot;: &quot;com.jiemoapp.activity.SplashActivity&quot;, &quot;noReset&quot;: &quot;False&quot;}}&apos;
encode_chunked = False

    def _send_output(self, message_body=None, encode_chunked=False):
        &quot;&quot;&quot;Send the currently buffered request and clear the buffer.
    
            Appends an extra \\r\\n to the buffer.
            A message_body may be specified, to be appended to the request.
            &quot;&quot;&quot;
        self._buffer.extend((b&quot;&quot;, b&quot;&quot;))
        msg = b&quot;\r\n&quot;.join(self._buffer)
        del self._buffer[:]
&gt;       self.send(msg)

/usr/local/Cellar/python3/3.6.3/Frameworks/Python.framework/Versions/3.6/lib/python3.6/http/client.py:1026: 
_ _ _ _ _ _ _ _ _ _ _ _ _ _ _ _ _ _ _ _ _ _ _ _ _ _ _ _ _ _ _ _ _ _ _ _ _ _ _ _ 

self = &lt;http.client.HTTPConnection object at 0x102efcf28&gt;
data = b&apos;POST /wd/hub/session HTTP/1.1\r\nAccept-Encoding: identity\r\nContent-Length: 327\r\nHost: 127.0.0.1:4723\r\nAccept:...tion/json\r\nContent-Type: application/json;charset=UTF-8\r\nUser-Agent: Python http auth\r\nConnection: close\r\n\r\n&apos;

    def send(self, data):
        &quot;&quot;&quot;Send `data&apos; to the server.
            ``data`` can be a string object, a bytes object, an array object, a
            file-like object that supports a .read() method, or an iterable object.
            &quot;&quot;&quot;
    
        if self.sock is None:
            if self.auto_open:
&gt;               self.connect()

/usr/local/Cellar/python3/3.6.3/Frameworks/Python.framework/Versions/3.6/lib/python3.6/http/client.py:964: 
_ _ _ _ _ _ _ _ _ _ _ _ _ _ _ _ _ _ _ _ _ _ _ _ _ _ _ _ _ _ _ _ _ _ _ _ _ _ _ _ 

self = &lt;http.client.HTTPConnection object at 0x102efcf28&gt;

    def connect(self):
        &quot;&quot;&quot;Connect to the host and port specified in __init__.&quot;&quot;&quot;
        self.sock = self._create_connection(
&gt;           (self.host,self.port), self.timeout, self.source_address)

/usr/local/Cellar/python3/3.6.3/Frameworks/Python.framework/Versions/3.6/lib/python3.6/http/client.py:936: 
_ _ _ _ _ _ _ _ _ _ _ _ _ _ _ _ _ _ _ _ _ _ _ _ _ _ _ _ _ _ _ _ _ _ _ _ _ _ _ _ 

address = (&apos;127.0.0.1&apos;, 4723), timeout = &lt;object object at 0x1009511a0&gt;
source_address = None

    def create_connection(address, timeout=_GLOBAL_DEFAULT_TIMEOUT,
                          source_address=None):
        &quot;&quot;&quot;Connect to *address* and return the socket object.
    
        Convenience function.  Connect to *address* (a 2-tuple ``(host,
        port)``) and return the socket object.  Passing the optional
        *timeout* parameter will set the timeout on the socket instance
        before attempting to connect.  If no *timeout* is supplied, the
        global default timeout setting returned by :func:`getdefaulttimeout`
        is used.  If *source_address* is set it must be a tuple of (host, port)
        for the socket to bind as a source address before making the connection.
        A host of &apos;&apos; or port 0 tells the OS to use the default.
        &quot;&quot;&quot;
    
        host, port = address
        err = None
        for res in getaddrinfo(host, port, 0, SOCK_STREAM):
            af, socktype, proto, canonname, sa = res
            sock = None
            try:
                sock = socket(af, socktype, proto)
                if timeout is not _GLOBAL_DEFAULT_TIMEOUT:
                    sock.settimeout(timeout)
                if source_address:
                    sock.bind(source_address)
                sock.connect(sa)
                # Break explicitly a reference cycle
                err = None
                return sock
    
            except error as _:
                err = _
                if sock is not None:
                    sock.close()
    
        if err is not None:
&gt;           raise err

/usr/local/Cellar/python3/3.6.3/Frameworks/Python.framework/Versions/3.6/lib/python3.6/socket.py:724: 
_ _ _ _ _ _ _ _ _ _ _ _ _ _ _ _ _ _ _ _ _ _ _ _ _ _ _ _ _ _ _ _ _ _ _ _ _ _ _ _ 

address = (&apos;127.0.0.1&apos;, 4723), timeout = &lt;object object at 0x1009511a0&gt;
source_address = None

    def create_connection(address, timeout=_GLOBAL_DEFAULT_TIMEOUT,
                          source_address=None):
        &quot;&quot;&quot;Connect to *address* and return the socket object.
    
        Convenience function.  Connect to *address* (a 2-tuple ``(host,
        port)``) and return the socket object.  Passing the optional
        *timeout* parameter will set the timeout on the socket instance
        before attempting to connect.  If no *timeout* is supplied, the
        global default timeout setting returned by :func:`getdefaulttimeout`
        is used.  If *source_address* is set it must be a tuple of (host, port)
        for the socket to bind as a source address before making the connection.
        A host of &apos;&apos; or port 0 tells the OS to use the default.
        &quot;&quot;&quot;
    
        host, port = address
        err = None
        for res in getaddrinfo(host, port, 0, SOCK_STREAM):
            af, socktype, proto, canonname, sa = res
            sock = None
            try:
                sock = socket(af, socktype, proto)
                if timeout is not _GLOBAL_DEFAULT_TIMEOUT:
                    sock.settimeout(timeout)
                if source_address:
                    sock.bind(source_address)
&gt;               sock.connect(sa)
E               ConnectionRefusedError: [Errno 61] Connection refused

/usr/local/Cellar/python3/3.6.3/Frameworks/Python.framework/Versions/3.6/lib/python3.6/socket.py:713: ConnectionRefusedError

During handling of the above exception, another exception occurred:

    @pytest.fixture
    def init_driver():
&gt;       driver = BaseDriver().init_driver()

TestCases/conftest.py:24: 
_ _ _ _ _ _ _ _ _ _ _ _ _ _ _ _ _ _ _ _ _ _ _ _ _ _ _ _ _ _ _ _ _ _ _ _ _ _ _ _ 
Common/BaseDriver.py:77: in init_driver
    driver = webdriver.Remote(&apos;http://127.0.0.1:4723/wd/hub&apos;, chuizi_jianguo)
../Library/Python/3.6/lib/python/site-packages/appium/webdriver/webdriver.py:36: in __init__
    super(WebDriver, self).__init__(command_executor, desired_capabilities, browser_profile, proxy, keep_alive)
../Library/Python/3.6/lib/python/site-packages/selenium/webdriver/remote/webdriver.py:151: in __init__
    self.start_session(desired_capabilities, browser_profile)
../Library/Python/3.6/lib/python/site-packages/selenium/webdriver/remote/webdriver.py:240: in start_session
    response = self.execute(Command.NEW_SESSION, parameters)
../Library/Python/3.6/lib/python/site-packages/selenium/webdriver/remote/webdriver.py:306: in execute
    response = self.command_executor.execute(driver_command, params)
../Library/Python/3.6/lib/python/site-packages/selenium/webdriver/remote/remote_connection.py:464: in execute
    return self._request(command_info[0], url, body=data)
../Library/Python/3.6/lib/python/site-packages/selenium/webdriver/remote/remote_connection.py:526: in _request
    resp = opener.open(request, timeout=self._timeout)
/usr/local/Cellar/python3/3.6.3/Frameworks/Python.framework/Versions/3.6/lib/python3.6/urllib/request.py:526: in open
    response = self._open(req, data)
/usr/local/Cellar/python3/3.6.3/Frameworks/Python.framework/Versions/3.6/lib/python3.6/urllib/request.py:544: in _open
    &apos;_open&apos;, req)
/usr/local/Cellar/python3/3.6.3/Frameworks/Python.framework/Versions/3.6/lib/python3.6/urllib/request.py:504: in _call_chain
    result = func(*args)
/usr/local/Cellar/python3/3.6.3/Frameworks/Python.framework/Versions/3.6/lib/python3.6/urllib/request.py:1346: in http_open
    return self.do_open(http.client.HTTPConnection, req)
_ _ _ _ _ _ _ _ _ _ _ _ _ _ _ _ _ _ _ _ _ _ _ _ _ _ _ _ _ _ _ _ _ _ _ _ _ _ _ _ 

self = &lt;urllib.request.HTTPHandler object at 0x102efcb00&gt;
http_class = &lt;class &apos;http.client.HTTPConnection&apos;&gt;
req = &lt;selenium.webdriver.remote.remote_connection.Request object at 0x102acc4a8&gt;
http_conn_args = {}, host = &apos;127.0.0.1:4723&apos;
h = &lt;http.client.HTTPConnection object at 0x102efcf28&gt;

    def do_open(self, http_class, req, **http_conn_args):
        &quot;&quot;&quot;Return an HTTPResponse object for the request, using http_class.
    
            http_class must implement the HTTPConnection API from http.client.
            &quot;&quot;&quot;
        host = req.host
        if not host:
            raise URLError(&apos;no host given&apos;)
    
        # will parse host:port
        h = http_class(host, timeout=req.timeout, **http_conn_args)
        h.set_debuglevel(self._debuglevel)
    
        headers = dict(req.unredirected_hdrs)
        headers.update(dict((k, v) for k, v in req.headers.items()
                            if k not in headers))
    
        # TODO(jhylton): Should this be redesigned to handle
        # persistent connections?
    
        # We want to make an HTTP/1.1 request, but the addinfourl
        # class isn&apos;t prepared to deal with a persistent connection.
        # It will try to read all remaining data from the socket,
        # which will block while the server waits for the next request.
        # So make sure the connection gets closed after the (only)
        # request.
        headers[&quot;Connection&quot;] = &quot;close&quot;
        headers = dict((name.title(), val) for name, val in headers.items())
    
        if req._tunnel_host:
            tunnel_headers = {}
            proxy_auth_hdr = &quot;Proxy-Authorization&quot;
            if proxy_auth_hdr in headers:
                tunnel_headers[proxy_auth_hdr] = headers[proxy_auth_hdr]
                # Proxy-Authorization should not be sent to origin
                # server.
                del headers[proxy_auth_hdr]
            h.set_tunnel(req._tunnel_host, headers=tunnel_headers)
    
        try:
            try:
                h.request(req.get_method(), req.selector, req.data, headers,
                          encode_chunked=req.has_header(&apos;Transfer-encoding&apos;))
            except OSError as err: # timeout error
&gt;               raise URLError(err)
E               urllib.error.URLError: &lt;urlopen error [Errno 61] Connection refused&gt;

/usr/local/Cellar/python3/3.6.3/Frameworks/Python.framework/Versions/3.6/lib/python3.6/urllib/request.py:1320: URLError</error></testcase></testsuite>